<?xml version="1.0" encoding="UTF-8"?>
<!-- Generated by org.testng.reporters.JUnitReportReporter -->
<testsuite hostname="GVG139" failures="0" tests="1" name="pom.UnifiedTara_realnumber_Tests.Logout_Test" time="83.166" errors="0" timestamp="2022-09-28T11:10:07 IST" skipped="0">
  <testcase classname="pom.UnifiedTara_realnumber_Tests.Logout_Test" name="Test1_Logout_as_seller" time="83.166"/>
  <system-out/>
</testsuite> <!-- pom.UnifiedTara_realnumber_Tests.Logout_Test -->
