<?xml version="1.0" encoding="UTF-8"?>
<!-- Generated by org.testng.reporters.JUnitReportReporter -->
<testsuite hostname="GVG-103" failures="0" tests="1" name="pom.UnifiedTara_realnumber_Tests.OrderExceedLimit_Test" time="137.591" errors="0" timestamp="2022-10-07T11:22:26 IST" skipped="0">
  <testcase classname="pom.UnifiedTara_realnumber_Tests.OrderExceedLimit_Test" name="ordexceedLimit" time="137.591"/>
  <system-out/>
</testsuite> <!-- pom.UnifiedTara_realnumber_Tests.OrderExceedLimit_Test -->
