<?xml version="1.0" encoding="UTF-8"?>
<!-- Generated by org.testng.reporters.JUnitReportReporter -->
<testsuite hostname="GVG-103" failures="0" tests="4" name="pom.UnifiedTara_realnumber_Tests.voucher_Test" time="233.193" errors="4" timestamp="2022-10-07T10:33:52 IST" skipped="0">
  <testcase classname="pom.UnifiedTara_realnumber_Tests.voucher_Test" name="Test2_EditVoucher" time="30.889">
    <error message="Timed out after 20 seconds waiting for element to be clickable: Proxy element for: DefaultElementLocator &#039;By.xpath: (//android.view.View[@content-desc=&quot;EDIT&quot;])[1]&#039;
Build info: version: &#039;2.53.0&#039;, revision: &#039;35ae25b1534ae328c771e0856c93e187490ca824&#039;, time: &#039;2016-03-15 10:43:46&#039;
System info: host: &#039;GVG-103&#039;, ip: &#039;192.168.0.127&#039;, os.name: &#039;Windows 10&#039;, os.arch: &#039;amd64&#039;, os.version: &#039;10.0&#039;, java.version: &#039;18.0.1.1&#039;
Driver info: io.appium.java_client.android.AndroidDriver
Capabilities [{appPackage=app.tara.tara_app, statBarHeight=50, noReset=true, viewportRect={top=50, left=0, width=720, height=1294}, deviceName=08a4e2567d2a, platform=LINUX, deviceUDID=08a4e2567d2a, desired={appActivity=app.tara.tara_app.MainActivity, appPackage=app.tara.tara_app, app=D:\UnifiedTara\apk\app-release_v35.apk, noReset=true, newCommandTimeout=180, platformVersion=8.1.0, browserName=, autoGrantPermissions=true, udid=08a4e2567d2a, platformName=Android, deviceName=Redmi}, newCommandTimeout=180, platformVersion=8.1.0, webStorageEnabled=false, takesScreenshot=true, browserName=, javascriptEnabled=true, udid=08a4e2567d2a, platformName=Android, deviceApiLevel=27, deviceManufacturer=Xiaomi, app=D:\UnifiedTara\apk\app-release_v35.apk, deviceScreenSize=720x1440, networkConnectionEnabled=true, warnings={}, databaseEnabled=false, appActivity=app.tara.tara_app.MainActivity, pixelRatio=2, locationContextEnabled=false, autoGrantPermissions=true, deviceScreenDensity=320, deviceModel=Redmi 6}]
Session ID: d2b1ae59-a3ea-4750-be35-d72919f7075a" type="org.openqa.selenium.TimeoutException">
      <![CDATA[org.openqa.selenium.TimeoutException: Timed out after 20 seconds waiting for element to be clickable: Proxy element for: DefaultElementLocator 'By.xpath: (//android.view.View[@content-desc="EDIT"])[1]'
Build info: version: '2.53.0', revision: '35ae25b1534ae328c771e0856c93e187490ca824', time: '2016-03-15 10:43:46'
System info: host: 'GVG-103', ip: '192.168.0.127', os.name: 'Windows 10', os.arch: 'amd64', os.version: '10.0', java.version: '18.0.1.1'
Driver info: io.appium.java_client.android.AndroidDriver
Capabilities [{appPackage=app.tara.tara_app, statBarHeight=50, noReset=true, viewportRect={top=50, left=0, width=720, height=1294}, deviceName=08a4e2567d2a, platform=LINUX, deviceUDID=08a4e2567d2a, desired={appActivity=app.tara.tara_app.MainActivity, appPackage=app.tara.tara_app, app=D:\UnifiedTara\apk\app-release_v35.apk, noReset=true, newCommandTimeout=180, platformVersion=8.1.0, browserName=, autoGrantPermissions=true, udid=08a4e2567d2a, platformName=Android, deviceName=Redmi}, newCommandTimeout=180, platformVersion=8.1.0, webStorageEnabled=false, takesScreenshot=true, browserName=, javascriptEnabled=true, udid=08a4e2567d2a, platformName=Android, deviceApiLevel=27, deviceManufacturer=Xiaomi, app=D:\UnifiedTara\apk\app-release_v35.apk, deviceScreenSize=720x1440, networkConnectionEnabled=true, warnings={}, databaseEnabled=false, appActivity=app.tara.tara_app.MainActivity, pixelRatio=2, locationContextEnabled=false, autoGrantPermissions=true, deviceScreenDensity=320, deviceModel=Redmi 6}]
Session ID: d2b1ae59-a3ea-4750-be35-d72919f7075a
at org.openqa.selenium.support.ui.WebDriverWait.timeoutException(WebDriverWait.java:80)
at org.openqa.selenium.support.ui.FluentWait.until(FluentWait.java:261)
at pom.UnifiedTara.pages.base.BasePage.waitForElementforClick(BasePage.java:93)
at pom.UnifiedTara.pages.voucher_page.EditVoucher(voucher_page.java:260)
at pom.UnifiedTara_realnumber_Tests.voucher_Test.Test2_EditVoucher(voucher_Test.java:43)
at java.base/jdk.internal.reflect.DirectMethodHandleAccessor.invoke(DirectMethodHandleAccessor.java:104)
at java.base/java.lang.reflect.Method.invoke(Method.java:577)
at org.testng.internal.MethodInvocationHelper.invokeMethod(MethodInvocationHelper.java:133)
at org.testng.internal.TestInvoker.invokeMethod(TestInvoker.java:598)
at org.testng.internal.TestInvoker.invokeTestMethod(TestInvoker.java:173)
at org.testng.internal.MethodRunner.runInSequence(MethodRunner.java:46)
at org.testng.internal.TestInvoker$MethodInvocationAgent.invoke(TestInvoker.java:824)
at org.testng.internal.TestInvoker.invokeTestMethods(TestInvoker.java:146)
at org.testng.internal.TestMethodWorker.invokeTestMethods(TestMethodWorker.java:146)
at org.testng.internal.TestMethodWorker.run(TestMethodWorker.java:128)
at java.base/java.util.ArrayList.forEach(ArrayList.java:1511)
at org.testng.TestRunner.privateRun(TestRunner.java:794)
at org.testng.TestRunner.run(TestRunner.java:596)
at org.testng.SuiteRunner.runTest(SuiteRunner.java:377)
at org.testng.SuiteRunner.runSequentially(SuiteRunner.java:371)
at org.testng.SuiteRunner.privateRun(SuiteRunner.java:332)
at org.testng.SuiteRunner.run(SuiteRunner.java:276)
at org.testng.SuiteRunnerWorker.runSuite(SuiteRunnerWorker.java:53)
at org.testng.SuiteRunnerWorker.run(SuiteRunnerWorker.java:96)
at org.testng.TestNG.runSuitesSequentially(TestNG.java:1212)
at org.testng.TestNG.runSuitesLocally(TestNG.java:1134)
at org.testng.TestNG.runSuites(TestNG.java:1063)
at org.testng.TestNG.run(TestNG.java:1031)
at org.testng.remote.AbstractRemoteTestNG.run(AbstractRemoteTestNG.java:115)
at org.testng.remote.RemoteTestNG.initAndRun(RemoteTestNG.java:251)
at org.testng.remote.RemoteTestNG.main(RemoteTestNG.java:77)
Caused by: org.openqa.selenium.NoSuchElementException: An element could not be located on the page using the given search parameters. (WARNING: The server did not provide any stacktrace information)
Command duration or timeout: 10.17 seconds
For documentation on this error, please visit: http://seleniumhq.org/exceptions/no_such_element.html
Build info: version: '2.53.0', revision: '35ae25b1534ae328c771e0856c93e187490ca824', time: '2016-03-15 10:43:46'
System info: host: 'GVG-103', ip: '192.168.0.127', os.name: 'Windows 10', os.arch: 'amd64', os.version: '10.0', java.version: '18.0.1.1'
Driver info: io.appium.java_client.android.AndroidDriver
Capabilities [{appPackage=app.tara.tara_app, statBarHeight=50, noReset=true, viewportRect={top=50, left=0, width=720, height=1294}, deviceName=08a4e2567d2a, platform=LINUX, deviceUDID=08a4e2567d2a, desired={appActivity=app.tara.tara_app.MainActivity, appPackage=app.tara.tara_app, app=D:\UnifiedTara\apk\app-release_v35.apk, noReset=true, newCommandTimeout=180, platformVersion=8.1.0, browserName=, autoGrantPermissions=true, udid=08a4e2567d2a, platformName=Android, deviceName=Redmi}, newCommandTimeout=180, platformVersion=8.1.0, webStorageEnabled=false, takesScreenshot=true, browserName=, javascriptEnabled=true, udid=08a4e2567d2a, platformName=Android, deviceApiLevel=27, deviceManufacturer=Xiaomi, app=D:\UnifiedTara\apk\app-release_v35.apk, deviceScreenSize=720x1440, networkConnectionEnabled=true, warnings={}, databaseEnabled=false, appActivity=app.tara.tara_app.MainActivity, pixelRatio=2, locationContextEnabled=false, autoGrantPermissions=true, deviceScreenDensity=320, deviceModel=Redmi 6}]
Session ID: d2b1ae59-a3ea-4750-be35-d72919f7075a
*** Element info: {Using=xpath, value=(//android.view.View[@content-desc="EDIT"])[1]}
at java.base/jdk.internal.reflect.DirectConstructorHandleAccessor.newInstance(DirectConstructorHandleAccessor.java:67)
at java.base/java.lang.reflect.Constructor.newInstanceWithCaller(Constructor.java:499)
at java.base/java.lang.reflect.Constructor.newInstance(Constructor.java:483)
at org.openqa.selenium.remote.ErrorHandler.createThrowable(ErrorHandler.java:206)
at org.openqa.selenium.remote.ErrorHandler.throwIfResponseFailed(ErrorHandler.java:158)
at org.openqa.selenium.remote.RemoteWebDriver.execute(RemoteWebDriver.java:678)
at io.appium.java_client.DefaultGenericMobileDriver.execute(DefaultGenericMobileDriver.java:42)
at io.appium.java_client.AppiumDriver.execute(AppiumDriver.java:1)
at io.appium.java_client.android.AndroidDriver.execute(AndroidDriver.java:1)
at org.openqa.selenium.remote.RemoteWebDriver.findElement(RemoteWebDriver.java:363)
at org.openqa.selenium.remote.RemoteWebDriver.findElementByXPath(RemoteWebDriver.java:500)
at io.appium.java_client.DefaultGenericMobileDriver.findElementByXPath(DefaultGenericMobileDriver.java:132)
at io.appium.java_client.AppiumDriver.findElementByXPath(AppiumDriver.java:1)
at io.appium.java_client.android.AndroidDriver.findElementByXPath(AndroidDriver.java:1)
at org.openqa.selenium.By$ByXPath.findElement(By.java:361)
at org.openqa.selenium.remote.RemoteWebDriver.findElement(RemoteWebDriver.java:355)
at io.appium.java_client.DefaultGenericMobileDriver.findElement(DefaultGenericMobileDriver.java:52)
at io.appium.java_client.AppiumDriver.findElement(AppiumDriver.java:1)
at io.appium.java_client.android.AndroidDriver.findElement(AndroidDriver.java:1)
at org.openqa.selenium.support.pagefactory.DefaultElementLocator.findElement(DefaultElementLocator.java:69)
at org.openqa.selenium.support.pagefactory.internal.LocatingElementHandler.invoke(LocatingElementHandler.java:38)
at jdk.proxy2/jdk.proxy2.$Proxy12.isDisplayed(Unknown Source)
at org.openqa.selenium.support.ui.ExpectedConditions.elementIfVisible(ExpectedConditions.java:302)
at org.openqa.selenium.support.ui.ExpectedConditions.access$100(ExpectedConditions.java:41)
at org.openqa.selenium.support.ui.ExpectedConditions$10.apply(ExpectedConditions.java:288)
at org.openqa.selenium.support.ui.ExpectedConditions$10.apply(ExpectedConditions.java:285)
at org.openqa.selenium.support.ui.ExpectedConditions$23.apply(ExpectedConditions.java:687)
at org.openqa.selenium.support.ui.ExpectedConditions$23.apply(ExpectedConditions.java:680)
at org.openqa.selenium.support.ui.FluentWait.until(FluentWait.java:238)
... 29 more
]]>
    </error>
  </testcase> <!-- Test2_EditVoucher -->
  <system-out/>
  <testcase classname="pom.UnifiedTara_realnumber_Tests.voucher_Test" name="Test4_AddVoucherRP_mapcategory" time="52.163">
    <error message="Timed out after 40 seconds waiting for element to be clickable: Proxy element for: DefaultElementLocator &#039;By.xpath: //android.widget.ImageView[@content-desc=&quot;Add Voucher&quot;]&#039;
Build info: version: &#039;2.53.0&#039;, revision: &#039;35ae25b1534ae328c771e0856c93e187490ca824&#039;, time: &#039;2016-03-15 10:43:46&#039;
System info: host: &#039;GVG-103&#039;, ip: &#039;192.168.0.127&#039;, os.name: &#039;Windows 10&#039;, os.arch: &#039;amd64&#039;, os.version: &#039;10.0&#039;, java.version: &#039;18.0.1.1&#039;
Driver info: io.appium.java_client.android.AndroidDriver
Capabilities [{appPackage=app.tara.tara_app, statBarHeight=50, noReset=true, viewportRect={top=50, left=0, width=720, height=1294}, deviceName=08a4e2567d2a, platform=LINUX, deviceUDID=08a4e2567d2a, desired={appActivity=app.tara.tara_app.MainActivity, appPackage=app.tara.tara_app, app=D:\UnifiedTara\apk\app-release_v35.apk, noReset=true, newCommandTimeout=180, platformVersion=8.1.0, browserName=, autoGrantPermissions=true, udid=08a4e2567d2a, platformName=Android, deviceName=Redmi}, newCommandTimeout=180, platformVersion=8.1.0, webStorageEnabled=false, takesScreenshot=true, browserName=, javascriptEnabled=true, udid=08a4e2567d2a, platformName=Android, deviceApiLevel=27, deviceManufacturer=Xiaomi, app=D:\UnifiedTara\apk\app-release_v35.apk, deviceScreenSize=720x1440, networkConnectionEnabled=true, warnings={}, databaseEnabled=false, appActivity=app.tara.tara_app.MainActivity, pixelRatio=2, locationContextEnabled=false, autoGrantPermissions=true, deviceScreenDensity=320, deviceModel=Redmi 6}]
Session ID: d2b1ae59-a3ea-4750-be35-d72919f7075a" type="org.openqa.selenium.TimeoutException">
      <![CDATA[org.openqa.selenium.TimeoutException: Timed out after 40 seconds waiting for element to be clickable: Proxy element for: DefaultElementLocator 'By.xpath: //android.widget.ImageView[@content-desc="Add Voucher"]'
Build info: version: '2.53.0', revision: '35ae25b1534ae328c771e0856c93e187490ca824', time: '2016-03-15 10:43:46'
System info: host: 'GVG-103', ip: '192.168.0.127', os.name: 'Windows 10', os.arch: 'amd64', os.version: '10.0', java.version: '18.0.1.1'
Driver info: io.appium.java_client.android.AndroidDriver
Capabilities [{appPackage=app.tara.tara_app, statBarHeight=50, noReset=true, viewportRect={top=50, left=0, width=720, height=1294}, deviceName=08a4e2567d2a, platform=LINUX, deviceUDID=08a4e2567d2a, desired={appActivity=app.tara.tara_app.MainActivity, appPackage=app.tara.tara_app, app=D:\UnifiedTara\apk\app-release_v35.apk, noReset=true, newCommandTimeout=180, platformVersion=8.1.0, browserName=, autoGrantPermissions=true, udid=08a4e2567d2a, platformName=Android, deviceName=Redmi}, newCommandTimeout=180, platformVersion=8.1.0, webStorageEnabled=false, takesScreenshot=true, browserName=, javascriptEnabled=true, udid=08a4e2567d2a, platformName=Android, deviceApiLevel=27, deviceManufacturer=Xiaomi, app=D:\UnifiedTara\apk\app-release_v35.apk, deviceScreenSize=720x1440, networkConnectionEnabled=true, warnings={}, databaseEnabled=false, appActivity=app.tara.tara_app.MainActivity, pixelRatio=2, locationContextEnabled=false, autoGrantPermissions=true, deviceScreenDensity=320, deviceModel=Redmi 6}]
Session ID: d2b1ae59-a3ea-4750-be35-d72919f7075a
at org.openqa.selenium.support.ui.WebDriverWait.timeoutException(WebDriverWait.java:80)
at org.openqa.selenium.support.ui.FluentWait.until(FluentWait.java:261)
at pom.UnifiedTara.pages.base.BasePage.waitForElementforClick(BasePage.java:93)
at pom.UnifiedTara.pages.voucher_page.AddVoucherRP_mapcategory(voucher_page.java:338)
at pom.UnifiedTara_realnumber_Tests.voucher_Test.Test4_AddVoucherRP_mapcategory(voucher_Test.java:51)
at java.base/jdk.internal.reflect.DirectMethodHandleAccessor.invoke(DirectMethodHandleAccessor.java:104)
at java.base/java.lang.reflect.Method.invoke(Method.java:577)
at org.testng.internal.MethodInvocationHelper.invokeMethod(MethodInvocationHelper.java:133)
at org.testng.internal.TestInvoker.invokeMethod(TestInvoker.java:598)
at org.testng.internal.TestInvoker.invokeTestMethod(TestInvoker.java:173)
at org.testng.internal.MethodRunner.runInSequence(MethodRunner.java:46)
at org.testng.internal.TestInvoker$MethodInvocationAgent.invoke(TestInvoker.java:824)
at org.testng.internal.TestInvoker.invokeTestMethods(TestInvoker.java:146)
at org.testng.internal.TestMethodWorker.invokeTestMethods(TestMethodWorker.java:146)
at org.testng.internal.TestMethodWorker.run(TestMethodWorker.java:128)
at java.base/java.util.ArrayList.forEach(ArrayList.java:1511)
at org.testng.TestRunner.privateRun(TestRunner.java:794)
at org.testng.TestRunner.run(TestRunner.java:596)
at org.testng.SuiteRunner.runTest(SuiteRunner.java:377)
at org.testng.SuiteRunner.runSequentially(SuiteRunner.java:371)
at org.testng.SuiteRunner.privateRun(SuiteRunner.java:332)
at org.testng.SuiteRunner.run(SuiteRunner.java:276)
at org.testng.SuiteRunnerWorker.runSuite(SuiteRunnerWorker.java:53)
at org.testng.SuiteRunnerWorker.run(SuiteRunnerWorker.java:96)
at org.testng.TestNG.runSuitesSequentially(TestNG.java:1212)
at org.testng.TestNG.runSuitesLocally(TestNG.java:1134)
at org.testng.TestNG.runSuites(TestNG.java:1063)
at org.testng.TestNG.run(TestNG.java:1031)
at org.testng.remote.AbstractRemoteTestNG.run(AbstractRemoteTestNG.java:115)
at org.testng.remote.RemoteTestNG.initAndRun(RemoteTestNG.java:251)
at org.testng.remote.RemoteTestNG.main(RemoteTestNG.java:77)
Caused by: org.openqa.selenium.NoSuchElementException: An element could not be located on the page using the given search parameters. (WARNING: The server did not provide any stacktrace information)
Command duration or timeout: 10.06 seconds
For documentation on this error, please visit: http://seleniumhq.org/exceptions/no_such_element.html
Build info: version: '2.53.0', revision: '35ae25b1534ae328c771e0856c93e187490ca824', time: '2016-03-15 10:43:46'
System info: host: 'GVG-103', ip: '192.168.0.127', os.name: 'Windows 10', os.arch: 'amd64', os.version: '10.0', java.version: '18.0.1.1'
Driver info: io.appium.java_client.android.AndroidDriver
Capabilities [{appPackage=app.tara.tara_app, statBarHeight=50, noReset=true, viewportRect={top=50, left=0, width=720, height=1294}, deviceName=08a4e2567d2a, platform=LINUX, deviceUDID=08a4e2567d2a, desired={appActivity=app.tara.tara_app.MainActivity, appPackage=app.tara.tara_app, app=D:\UnifiedTara\apk\app-release_v35.apk, noReset=true, newCommandTimeout=180, platformVersion=8.1.0, browserName=, autoGrantPermissions=true, udid=08a4e2567d2a, platformName=Android, deviceName=Redmi}, newCommandTimeout=180, platformVersion=8.1.0, webStorageEnabled=false, takesScreenshot=true, browserName=, javascriptEnabled=true, udid=08a4e2567d2a, platformName=Android, deviceApiLevel=27, deviceManufacturer=Xiaomi, app=D:\UnifiedTara\apk\app-release_v35.apk, deviceScreenSize=720x1440, networkConnectionEnabled=true, warnings={}, databaseEnabled=false, appActivity=app.tara.tara_app.MainActivity, pixelRatio=2, locationContextEnabled=false, autoGrantPermissions=true, deviceScreenDensity=320, deviceModel=Redmi 6}]
Session ID: d2b1ae59-a3ea-4750-be35-d72919f7075a
*** Element info: {Using=xpath, value=//android.widget.ImageView[@content-desc="Add Voucher"]}
at java.base/jdk.internal.reflect.DirectConstructorHandleAccessor.newInstance(DirectConstructorHandleAccessor.java:67)
at java.base/java.lang.reflect.Constructor.newInstanceWithCaller(Constructor.java:499)
at java.base/java.lang.reflect.Constructor.newInstance(Constructor.java:483)
at org.openqa.selenium.remote.ErrorHandler.createThrowable(ErrorHandler.java:206)
at org.openqa.selenium.remote.ErrorHandler.throwIfResponseFailed(ErrorHandler.java:158)
at org.openqa.selenium.remote.RemoteWebDriver.execute(RemoteWebDriver.java:678)
at io.appium.java_client.DefaultGenericMobileDriver.execute(DefaultGenericMobileDriver.java:42)
at io.appium.java_client.AppiumDriver.execute(AppiumDriver.java:1)
at io.appium.java_client.android.AndroidDriver.execute(AndroidDriver.java:1)
at org.openqa.selenium.remote.RemoteWebDriver.findElement(RemoteWebDriver.java:363)
at org.openqa.selenium.remote.RemoteWebDriver.findElementByXPath(RemoteWebDriver.java:500)
at io.appium.java_client.DefaultGenericMobileDriver.findElementByXPath(DefaultGenericMobileDriver.java:132)
at io.appium.java_client.AppiumDriver.findElementByXPath(AppiumDriver.java:1)
at io.appium.java_client.android.AndroidDriver.findElementByXPath(AndroidDriver.java:1)
at org.openqa.selenium.By$ByXPath.findElement(By.java:361)
at org.openqa.selenium.remote.RemoteWebDriver.findElement(RemoteWebDriver.java:355)
at io.appium.java_client.DefaultGenericMobileDriver.findElement(DefaultGenericMobileDriver.java:52)
at io.appium.java_client.AppiumDriver.findElement(AppiumDriver.java:1)
at io.appium.java_client.android.AndroidDriver.findElement(AndroidDriver.java:1)
at org.openqa.selenium.support.pagefactory.DefaultElementLocator.findElement(DefaultElementLocator.java:69)
at org.openqa.selenium.support.pagefactory.internal.LocatingElementHandler.invoke(LocatingElementHandler.java:38)
at jdk.proxy2/jdk.proxy2.$Proxy12.isDisplayed(Unknown Source)
at org.openqa.selenium.support.ui.ExpectedConditions.elementIfVisible(ExpectedConditions.java:302)
at org.openqa.selenium.support.ui.ExpectedConditions.access$100(ExpectedConditions.java:41)
at org.openqa.selenium.support.ui.ExpectedConditions$10.apply(ExpectedConditions.java:288)
at org.openqa.selenium.support.ui.ExpectedConditions$10.apply(ExpectedConditions.java:285)
at org.openqa.selenium.support.ui.ExpectedConditions$23.apply(ExpectedConditions.java:687)
at org.openqa.selenium.support.ui.ExpectedConditions$23.apply(ExpectedConditions.java:680)
at org.openqa.selenium.support.ui.FluentWait.until(FluentWait.java:238)
... 29 more
]]>
    </error>
  </testcase> <!-- Test4_AddVoucherRP_mapcategory -->
  <system-out/>
  <testcase classname="pom.UnifiedTara_realnumber_Tests.voucher_Test" name="Test3_addvocherPercent" time="34.844">
    <error message="Timed out after 20 seconds waiting for element to be clickable: Proxy element for: DefaultElementLocator &#039;By.xpath: //android.widget.ImageView[@content-desc=&quot;Add Voucher&quot;]&#039;
Build info: version: &#039;2.53.0&#039;, revision: &#039;35ae25b1534ae328c771e0856c93e187490ca824&#039;, time: &#039;2016-03-15 10:43:46&#039;
System info: host: &#039;GVG-103&#039;, ip: &#039;192.168.0.127&#039;, os.name: &#039;Windows 10&#039;, os.arch: &#039;amd64&#039;, os.version: &#039;10.0&#039;, java.version: &#039;18.0.1.1&#039;
Driver info: io.appium.java_client.android.AndroidDriver
Capabilities [{appPackage=app.tara.tara_app, statBarHeight=50, noReset=true, viewportRect={top=50, left=0, width=720, height=1294}, deviceName=08a4e2567d2a, platform=LINUX, deviceUDID=08a4e2567d2a, desired={appActivity=app.tara.tara_app.MainActivity, appPackage=app.tara.tara_app, app=D:\UnifiedTara\apk\app-release_v35.apk, noReset=true, newCommandTimeout=180, platformVersion=8.1.0, browserName=, autoGrantPermissions=true, udid=08a4e2567d2a, platformName=Android, deviceName=Redmi}, newCommandTimeout=180, platformVersion=8.1.0, webStorageEnabled=false, takesScreenshot=true, browserName=, javascriptEnabled=true, udid=08a4e2567d2a, platformName=Android, deviceApiLevel=27, deviceManufacturer=Xiaomi, app=D:\UnifiedTara\apk\app-release_v35.apk, deviceScreenSize=720x1440, networkConnectionEnabled=true, warnings={}, databaseEnabled=false, appActivity=app.tara.tara_app.MainActivity, pixelRatio=2, locationContextEnabled=false, autoGrantPermissions=true, deviceScreenDensity=320, deviceModel=Redmi 6}]
Session ID: d2b1ae59-a3ea-4750-be35-d72919f7075a" type="org.openqa.selenium.TimeoutException">
      <![CDATA[org.openqa.selenium.TimeoutException: Timed out after 20 seconds waiting for element to be clickable: Proxy element for: DefaultElementLocator 'By.xpath: //android.widget.ImageView[@content-desc="Add Voucher"]'
Build info: version: '2.53.0', revision: '35ae25b1534ae328c771e0856c93e187490ca824', time: '2016-03-15 10:43:46'
System info: host: 'GVG-103', ip: '192.168.0.127', os.name: 'Windows 10', os.arch: 'amd64', os.version: '10.0', java.version: '18.0.1.1'
Driver info: io.appium.java_client.android.AndroidDriver
Capabilities [{appPackage=app.tara.tara_app, statBarHeight=50, noReset=true, viewportRect={top=50, left=0, width=720, height=1294}, deviceName=08a4e2567d2a, platform=LINUX, deviceUDID=08a4e2567d2a, desired={appActivity=app.tara.tara_app.MainActivity, appPackage=app.tara.tara_app, app=D:\UnifiedTara\apk\app-release_v35.apk, noReset=true, newCommandTimeout=180, platformVersion=8.1.0, browserName=, autoGrantPermissions=true, udid=08a4e2567d2a, platformName=Android, deviceName=Redmi}, newCommandTimeout=180, platformVersion=8.1.0, webStorageEnabled=false, takesScreenshot=true, browserName=, javascriptEnabled=true, udid=08a4e2567d2a, platformName=Android, deviceApiLevel=27, deviceManufacturer=Xiaomi, app=D:\UnifiedTara\apk\app-release_v35.apk, deviceScreenSize=720x1440, networkConnectionEnabled=true, warnings={}, databaseEnabled=false, appActivity=app.tara.tara_app.MainActivity, pixelRatio=2, locationContextEnabled=false, autoGrantPermissions=true, deviceScreenDensity=320, deviceModel=Redmi 6}]
Session ID: d2b1ae59-a3ea-4750-be35-d72919f7075a
at org.openqa.selenium.support.ui.WebDriverWait.timeoutException(WebDriverWait.java:80)
at org.openqa.selenium.support.ui.FluentWait.until(FluentWait.java:261)
at pom.UnifiedTara.pages.base.BasePage.waitForElementforClick(BasePage.java:93)
at pom.UnifiedTara.pages.voucher_page.AddVoucher_percent(voucher_page.java:190)
at pom.UnifiedTara_realnumber_Tests.voucher_Test.Test3_addvocherPercent(voucher_Test.java:35)
at java.base/jdk.internal.reflect.DirectMethodHandleAccessor.invoke(DirectMethodHandleAccessor.java:104)
at java.base/java.lang.reflect.Method.invoke(Method.java:577)
at org.testng.internal.MethodInvocationHelper.invokeMethod(MethodInvocationHelper.java:133)
at org.testng.internal.TestInvoker.invokeMethod(TestInvoker.java:598)
at org.testng.internal.TestInvoker.invokeTestMethod(TestInvoker.java:173)
at org.testng.internal.MethodRunner.runInSequence(MethodRunner.java:46)
at org.testng.internal.TestInvoker$MethodInvocationAgent.invoke(TestInvoker.java:824)
at org.testng.internal.TestInvoker.invokeTestMethods(TestInvoker.java:146)
at org.testng.internal.TestMethodWorker.invokeTestMethods(TestMethodWorker.java:146)
at org.testng.internal.TestMethodWorker.run(TestMethodWorker.java:128)
at java.base/java.util.ArrayList.forEach(ArrayList.java:1511)
at org.testng.TestRunner.privateRun(TestRunner.java:794)
at org.testng.TestRunner.run(TestRunner.java:596)
at org.testng.SuiteRunner.runTest(SuiteRunner.java:377)
at org.testng.SuiteRunner.runSequentially(SuiteRunner.java:371)
at org.testng.SuiteRunner.privateRun(SuiteRunner.java:332)
at org.testng.SuiteRunner.run(SuiteRunner.java:276)
at org.testng.SuiteRunnerWorker.runSuite(SuiteRunnerWorker.java:53)
at org.testng.SuiteRunnerWorker.run(SuiteRunnerWorker.java:96)
at org.testng.TestNG.runSuitesSequentially(TestNG.java:1212)
at org.testng.TestNG.runSuitesLocally(TestNG.java:1134)
at org.testng.TestNG.runSuites(TestNG.java:1063)
at org.testng.TestNG.run(TestNG.java:1031)
at org.testng.remote.AbstractRemoteTestNG.run(AbstractRemoteTestNG.java:115)
at org.testng.remote.RemoteTestNG.initAndRun(RemoteTestNG.java:251)
at org.testng.remote.RemoteTestNG.main(RemoteTestNG.java:77)
Caused by: org.openqa.selenium.NoSuchElementException: An element could not be located on the page using the given search parameters. (WARNING: The server did not provide any stacktrace information)
Command duration or timeout: 10.14 seconds
For documentation on this error, please visit: http://seleniumhq.org/exceptions/no_such_element.html
Build info: version: '2.53.0', revision: '35ae25b1534ae328c771e0856c93e187490ca824', time: '2016-03-15 10:43:46'
System info: host: 'GVG-103', ip: '192.168.0.127', os.name: 'Windows 10', os.arch: 'amd64', os.version: '10.0', java.version: '18.0.1.1'
Driver info: io.appium.java_client.android.AndroidDriver
Capabilities [{appPackage=app.tara.tara_app, statBarHeight=50, noReset=true, viewportRect={top=50, left=0, width=720, height=1294}, deviceName=08a4e2567d2a, platform=LINUX, deviceUDID=08a4e2567d2a, desired={appActivity=app.tara.tara_app.MainActivity, appPackage=app.tara.tara_app, app=D:\UnifiedTara\apk\app-release_v35.apk, noReset=true, newCommandTimeout=180, platformVersion=8.1.0, browserName=, autoGrantPermissions=true, udid=08a4e2567d2a, platformName=Android, deviceName=Redmi}, newCommandTimeout=180, platformVersion=8.1.0, webStorageEnabled=false, takesScreenshot=true, browserName=, javascriptEnabled=true, udid=08a4e2567d2a, platformName=Android, deviceApiLevel=27, deviceManufacturer=Xiaomi, app=D:\UnifiedTara\apk\app-release_v35.apk, deviceScreenSize=720x1440, networkConnectionEnabled=true, warnings={}, databaseEnabled=false, appActivity=app.tara.tara_app.MainActivity, pixelRatio=2, locationContextEnabled=false, autoGrantPermissions=true, deviceScreenDensity=320, deviceModel=Redmi 6}]
Session ID: d2b1ae59-a3ea-4750-be35-d72919f7075a
*** Element info: {Using=xpath, value=//android.widget.ImageView[@content-desc="Add Voucher"]}
at java.base/jdk.internal.reflect.DirectConstructorHandleAccessor.newInstance(DirectConstructorHandleAccessor.java:67)
at java.base/java.lang.reflect.Constructor.newInstanceWithCaller(Constructor.java:499)
at java.base/java.lang.reflect.Constructor.newInstance(Constructor.java:483)
at org.openqa.selenium.remote.ErrorHandler.createThrowable(ErrorHandler.java:206)
at org.openqa.selenium.remote.ErrorHandler.throwIfResponseFailed(ErrorHandler.java:158)
at org.openqa.selenium.remote.RemoteWebDriver.execute(RemoteWebDriver.java:678)
at io.appium.java_client.DefaultGenericMobileDriver.execute(DefaultGenericMobileDriver.java:42)
at io.appium.java_client.AppiumDriver.execute(AppiumDriver.java:1)
at io.appium.java_client.android.AndroidDriver.execute(AndroidDriver.java:1)
at org.openqa.selenium.remote.RemoteWebDriver.findElement(RemoteWebDriver.java:363)
at org.openqa.selenium.remote.RemoteWebDriver.findElementByXPath(RemoteWebDriver.java:500)
at io.appium.java_client.DefaultGenericMobileDriver.findElementByXPath(DefaultGenericMobileDriver.java:132)
at io.appium.java_client.AppiumDriver.findElementByXPath(AppiumDriver.java:1)
at io.appium.java_client.android.AndroidDriver.findElementByXPath(AndroidDriver.java:1)
at org.openqa.selenium.By$ByXPath.findElement(By.java:361)
at org.openqa.selenium.remote.RemoteWebDriver.findElement(RemoteWebDriver.java:355)
at io.appium.java_client.DefaultGenericMobileDriver.findElement(DefaultGenericMobileDriver.java:52)
at io.appium.java_client.AppiumDriver.findElement(AppiumDriver.java:1)
at io.appium.java_client.android.AndroidDriver.findElement(AndroidDriver.java:1)
at org.openqa.selenium.support.pagefactory.DefaultElementLocator.findElement(DefaultElementLocator.java:69)
at org.openqa.selenium.support.pagefactory.internal.LocatingElementHandler.invoke(LocatingElementHandler.java:38)
at jdk.proxy2/jdk.proxy2.$Proxy12.isDisplayed(Unknown Source)
at org.openqa.selenium.support.ui.ExpectedConditions.elementIfVisible(ExpectedConditions.java:302)
at org.openqa.selenium.support.ui.ExpectedConditions.access$100(ExpectedConditions.java:41)
at org.openqa.selenium.support.ui.ExpectedConditions$10.apply(ExpectedConditions.java:288)
at org.openqa.selenium.support.ui.ExpectedConditions$10.apply(ExpectedConditions.java:285)
at org.openqa.selenium.support.ui.ExpectedConditions$23.apply(ExpectedConditions.java:687)
at org.openqa.selenium.support.ui.ExpectedConditions$23.apply(ExpectedConditions.java:680)
at org.openqa.selenium.support.ui.FluentWait.until(FluentWait.java:238)
... 29 more
]]>
    </error>
  </testcase> <!-- Test3_addvocherPercent -->
  <system-out/>
  <testcase classname="pom.UnifiedTara_realnumber_Tests.voucher_Test" name="Test1_addvocher" time="115.297">
    <error message="Timed out after 30 seconds waiting for element to be clickable: Proxy element for: DefaultElementLocator &#039;By.xpath: //android.widget.Button[@index=&#039;6&#039;]&#039;
Build info: version: &#039;2.53.0&#039;, revision: &#039;35ae25b1534ae328c771e0856c93e187490ca824&#039;, time: &#039;2016-03-15 10:43:46&#039;
System info: host: &#039;GVG-103&#039;, ip: &#039;192.168.0.127&#039;, os.name: &#039;Windows 10&#039;, os.arch: &#039;amd64&#039;, os.version: &#039;10.0&#039;, java.version: &#039;18.0.1.1&#039;
Driver info: io.appium.java_client.android.AndroidDriver
Capabilities [{appPackage=app.tara.tara_app, statBarHeight=50, noReset=true, viewportRect={top=50, left=0, width=720, height=1294}, deviceName=08a4e2567d2a, platform=LINUX, deviceUDID=08a4e2567d2a, desired={appActivity=app.tara.tara_app.MainActivity, appPackage=app.tara.tara_app, app=D:\UnifiedTara\apk\app-release_v35.apk, noReset=true, newCommandTimeout=180, platformVersion=8.1.0, browserName=, autoGrantPermissions=true, udid=08a4e2567d2a, platformName=Android, deviceName=Redmi}, newCommandTimeout=180, platformVersion=8.1.0, webStorageEnabled=false, takesScreenshot=true, browserName=, javascriptEnabled=true, udid=08a4e2567d2a, platformName=Android, deviceApiLevel=27, deviceManufacturer=Xiaomi, app=D:\UnifiedTara\apk\app-release_v35.apk, deviceScreenSize=720x1440, networkConnectionEnabled=true, warnings={}, databaseEnabled=false, appActivity=app.tara.tara_app.MainActivity, pixelRatio=2, locationContextEnabled=false, autoGrantPermissions=true, deviceScreenDensity=320, deviceModel=Redmi 6}]
Session ID: d2b1ae59-a3ea-4750-be35-d72919f7075a" type="org.openqa.selenium.TimeoutException">
      <![CDATA[org.openqa.selenium.TimeoutException: Timed out after 30 seconds waiting for element to be clickable: Proxy element for: DefaultElementLocator 'By.xpath: //android.widget.Button[@index='6']'
Build info: version: '2.53.0', revision: '35ae25b1534ae328c771e0856c93e187490ca824', time: '2016-03-15 10:43:46'
System info: host: 'GVG-103', ip: '192.168.0.127', os.name: 'Windows 10', os.arch: 'amd64', os.version: '10.0', java.version: '18.0.1.1'
Driver info: io.appium.java_client.android.AndroidDriver
Capabilities [{appPackage=app.tara.tara_app, statBarHeight=50, noReset=true, viewportRect={top=50, left=0, width=720, height=1294}, deviceName=08a4e2567d2a, platform=LINUX, deviceUDID=08a4e2567d2a, desired={appActivity=app.tara.tara_app.MainActivity, appPackage=app.tara.tara_app, app=D:\UnifiedTara\apk\app-release_v35.apk, noReset=true, newCommandTimeout=180, platformVersion=8.1.0, browserName=, autoGrantPermissions=true, udid=08a4e2567d2a, platformName=Android, deviceName=Redmi}, newCommandTimeout=180, platformVersion=8.1.0, webStorageEnabled=false, takesScreenshot=true, browserName=, javascriptEnabled=true, udid=08a4e2567d2a, platformName=Android, deviceApiLevel=27, deviceManufacturer=Xiaomi, app=D:\UnifiedTara\apk\app-release_v35.apk, deviceScreenSize=720x1440, networkConnectionEnabled=true, warnings={}, databaseEnabled=false, appActivity=app.tara.tara_app.MainActivity, pixelRatio=2, locationContextEnabled=false, autoGrantPermissions=true, deviceScreenDensity=320, deviceModel=Redmi 6}]
Session ID: d2b1ae59-a3ea-4750-be35-d72919f7075a
at org.openqa.selenium.support.ui.WebDriverWait.timeoutException(WebDriverWait.java:80)
at org.openqa.selenium.support.ui.FluentWait.until(FluentWait.java:261)
at pom.UnifiedTara.pages.base.BasePage.waitForElementforClick(BasePage.java:93)
at pom.UnifiedTara.pages.voucher_page.AddVoucherRP(voucher_page.java:150)
at pom.UnifiedTara_realnumber_Tests.voucher_Test.Test1_addvocher(voucher_Test.java:25)
at java.base/jdk.internal.reflect.DirectMethodHandleAccessor.invoke(DirectMethodHandleAccessor.java:104)
at java.base/java.lang.reflect.Method.invoke(Method.java:577)
at org.testng.internal.MethodInvocationHelper.invokeMethod(MethodInvocationHelper.java:133)
at org.testng.internal.TestInvoker.invokeMethod(TestInvoker.java:598)
at org.testng.internal.TestInvoker.invokeTestMethod(TestInvoker.java:173)
at org.testng.internal.MethodRunner.runInSequence(MethodRunner.java:46)
at org.testng.internal.TestInvoker$MethodInvocationAgent.invoke(TestInvoker.java:824)
at org.testng.internal.TestInvoker.invokeTestMethods(TestInvoker.java:146)
at org.testng.internal.TestMethodWorker.invokeTestMethods(TestMethodWorker.java:146)
at org.testng.internal.TestMethodWorker.run(TestMethodWorker.java:128)
at java.base/java.util.ArrayList.forEach(ArrayList.java:1511)
at org.testng.TestRunner.privateRun(TestRunner.java:794)
at org.testng.TestRunner.run(TestRunner.java:596)
at org.testng.SuiteRunner.runTest(SuiteRunner.java:377)
at org.testng.SuiteRunner.runSequentially(SuiteRunner.java:371)
at org.testng.SuiteRunner.privateRun(SuiteRunner.java:332)
at org.testng.SuiteRunner.run(SuiteRunner.java:276)
at org.testng.SuiteRunnerWorker.runSuite(SuiteRunnerWorker.java:53)
at org.testng.SuiteRunnerWorker.run(SuiteRunnerWorker.java:96)
at org.testng.TestNG.runSuitesSequentially(TestNG.java:1212)
at org.testng.TestNG.runSuitesLocally(TestNG.java:1134)
at org.testng.TestNG.runSuites(TestNG.java:1063)
at org.testng.TestNG.run(TestNG.java:1031)
at org.testng.remote.AbstractRemoteTestNG.run(AbstractRemoteTestNG.java:115)
at org.testng.remote.RemoteTestNG.initAndRun(RemoteTestNG.java:251)
at org.testng.remote.RemoteTestNG.main(RemoteTestNG.java:77)
Caused by: org.openqa.selenium.NoSuchElementException: An element could not be located on the page using the given search parameters. (WARNING: The server did not provide any stacktrace information)
Command duration or timeout: 10.16 seconds
For documentation on this error, please visit: http://seleniumhq.org/exceptions/no_such_element.html
Build info: version: '2.53.0', revision: '35ae25b1534ae328c771e0856c93e187490ca824', time: '2016-03-15 10:43:46'
System info: host: 'GVG-103', ip: '192.168.0.127', os.name: 'Windows 10', os.arch: 'amd64', os.version: '10.0', java.version: '18.0.1.1'
Driver info: io.appium.java_client.android.AndroidDriver
Capabilities [{appPackage=app.tara.tara_app, statBarHeight=50, noReset=true, viewportRect={top=50, left=0, width=720, height=1294}, deviceName=08a4e2567d2a, platform=LINUX, deviceUDID=08a4e2567d2a, desired={appActivity=app.tara.tara_app.MainActivity, appPackage=app.tara.tara_app, app=D:\UnifiedTara\apk\app-release_v35.apk, noReset=true, newCommandTimeout=180, platformVersion=8.1.0, browserName=, autoGrantPermissions=true, udid=08a4e2567d2a, platformName=Android, deviceName=Redmi}, newCommandTimeout=180, platformVersion=8.1.0, webStorageEnabled=false, takesScreenshot=true, browserName=, javascriptEnabled=true, udid=08a4e2567d2a, platformName=Android, deviceApiLevel=27, deviceManufacturer=Xiaomi, app=D:\UnifiedTara\apk\app-release_v35.apk, deviceScreenSize=720x1440, networkConnectionEnabled=true, warnings={}, databaseEnabled=false, appActivity=app.tara.tara_app.MainActivity, pixelRatio=2, locationContextEnabled=false, autoGrantPermissions=true, deviceScreenDensity=320, deviceModel=Redmi 6}]
Session ID: d2b1ae59-a3ea-4750-be35-d72919f7075a
*** Element info: {Using=xpath, value=//android.widget.Button[@index='6']}
at java.base/jdk.internal.reflect.DirectConstructorHandleAccessor.newInstance(DirectConstructorHandleAccessor.java:67)
at java.base/java.lang.reflect.Constructor.newInstanceWithCaller(Constructor.java:499)
at java.base/java.lang.reflect.Constructor.newInstance(Constructor.java:483)
at org.openqa.selenium.remote.ErrorHandler.createThrowable(ErrorHandler.java:206)
at org.openqa.selenium.remote.ErrorHandler.throwIfResponseFailed(ErrorHandler.java:158)
at org.openqa.selenium.remote.RemoteWebDriver.execute(RemoteWebDriver.java:678)
at io.appium.java_client.DefaultGenericMobileDriver.execute(DefaultGenericMobileDriver.java:42)
at io.appium.java_client.AppiumDriver.execute(AppiumDriver.java:1)
at io.appium.java_client.android.AndroidDriver.execute(AndroidDriver.java:1)
at org.openqa.selenium.remote.RemoteWebDriver.findElement(RemoteWebDriver.java:363)
at org.openqa.selenium.remote.RemoteWebDriver.findElementByXPath(RemoteWebDriver.java:500)
at io.appium.java_client.DefaultGenericMobileDriver.findElementByXPath(DefaultGenericMobileDriver.java:132)
at io.appium.java_client.AppiumDriver.findElementByXPath(AppiumDriver.java:1)
at io.appium.java_client.android.AndroidDriver.findElementByXPath(AndroidDriver.java:1)
at org.openqa.selenium.By$ByXPath.findElement(By.java:361)
at org.openqa.selenium.remote.RemoteWebDriver.findElement(RemoteWebDriver.java:355)
at io.appium.java_client.DefaultGenericMobileDriver.findElement(DefaultGenericMobileDriver.java:52)
at io.appium.java_client.AppiumDriver.findElement(AppiumDriver.java:1)
at io.appium.java_client.android.AndroidDriver.findElement(AndroidDriver.java:1)
at org.openqa.selenium.support.pagefactory.DefaultElementLocator.findElement(DefaultElementLocator.java:69)
at org.openqa.selenium.support.pagefactory.internal.LocatingElementHandler.invoke(LocatingElementHandler.java:38)
at jdk.proxy2/jdk.proxy2.$Proxy12.isDisplayed(Unknown Source)
at org.openqa.selenium.support.ui.ExpectedConditions.elementIfVisible(ExpectedConditions.java:302)
at org.openqa.selenium.support.ui.ExpectedConditions.access$100(ExpectedConditions.java:41)
at org.openqa.selenium.support.ui.ExpectedConditions$10.apply(ExpectedConditions.java:288)
at org.openqa.selenium.support.ui.ExpectedConditions$10.apply(ExpectedConditions.java:285)
at org.openqa.selenium.support.ui.ExpectedConditions$23.apply(ExpectedConditions.java:687)
at org.openqa.selenium.support.ui.ExpectedConditions$23.apply(ExpectedConditions.java:680)
at org.openqa.selenium.support.ui.FluentWait.until(FluentWait.java:238)
... 29 more
]]>
    </error>
  </testcase> <!-- Test1_addvocher -->
  <system-out/>
</testsuite> <!-- pom.UnifiedTara_realnumber_Tests.voucher_Test -->
