<?xml version="1.0" encoding="UTF-8"?>
<!-- Generated by org.testng.reporters.JUnitReportReporter -->
<testsuite hostname="GVG-103" failures="0" tests="1" name="pom.UnifiedTara_realnumber_Tests.Inventorymgt_orderDeclined_Test" time="174.692" errors="0" timestamp="2022-10-07T11:00:58 IST" skipped="0">
  <testcase classname="pom.UnifiedTara_realnumber_Tests.Inventorymgt_orderDeclined_Test" name="Test1_OrderDeclained" time="174.692"/>
  <system-out/>
</testsuite> <!-- pom.UnifiedTara_realnumber_Tests.Inventorymgt_orderDeclined_Test -->
