<?xml version="1.0" encoding="UTF-8"?>
<!-- Generated by org.testng.reporters.JUnitReportReporter -->
<testsuite hostname="GVG-103" failures="0" tests="1" name="pom.UnifiedTara_realnumber_Tests.OutOfStock_Test" time="118.447" errors="0" timestamp="2022-10-07T11:00:58 IST" skipped="0">
  <testcase classname="pom.UnifiedTara_realnumber_Tests.OutOfStock_Test" name="Test1_OutOfStock" time="118.447"/>
  <system-out/>
</testsuite> <!-- pom.UnifiedTara_realnumber_Tests.OutOfStock_Test -->
