<?xml version="1.0" encoding="UTF-8"?>
<!-- Generated by org.testng.reporters.JUnitReportReporter -->
<testsuite hostname="GVG-103" failures="0" tests="1" name="pom.UnifiedTara_realnumber_Tests.uploadCSV_Test" time="65.388" errors="0" timestamp="2022-10-07T11:15:13 IST" skipped="0">
  <testcase classname="pom.UnifiedTara_realnumber_Tests.uploadCSV_Test" name="Test1_UploadCSV" time="65.388"/>
  <system-out/>
</testsuite> <!-- pom.UnifiedTara_realnumber_Tests.uploadCSV_Test -->
