<?xml version="1.0" encoding="UTF-8"?>
<!-- Generated by org.testng.reporters.JUnitReportReporter -->
<testsuite hostname="GVG139" failures="0" tests="1" name="pom.UnifiedTara_realnumber_Tests.OrderNewToCompleted_Test" time="139.582" errors="0" timestamp="2022-09-25T19:03:43 IST" skipped="0">
  <testcase classname="pom.UnifiedTara_realnumber_Tests.OrderNewToCompleted_Test" name="ordexceedLimit" time="139.582"/>
  <system-out/>
</testsuite> <!-- pom.UnifiedTara_realnumber_Tests.OrderNewToCompleted_Test -->
