<?xml version="1.0" encoding="UTF-8"?>
<!-- Generated by org.testng.reporters.JUnitReportReporter -->
<testsuite hostname="GVG139" failures="0" tests="1" name="pom.UnifiedTara_realnumber_Tests.Login_Test" time="86.578" errors="0" timestamp="2022-09-22T17:01:33 IST" skipped="0">
  <testcase classname="pom.UnifiedTara_realnumber_Tests.Login_Test" name="logintest" time="86.578"/>
  <system-out/>
</testsuite> <!-- pom.UnifiedTara_realnumber_Tests.Login_Test -->
