<?xml version="1.0" encoding="UTF-8"?>
<!-- Generated by org.testng.reporters.JUnitReportReporter -->
<testsuite hostname="GVG-103" failures="0" tests="1" name="pom.UnifiedTara_realnumber_Tests.Onboarding_Test" time="170.007" errors="0" timestamp="2022-10-07T11:00:58 IST" skipped="0">
  <testcase classname="pom.UnifiedTara_realnumber_Tests.Onboarding_Test" name="Add_PaymentTest" time="170.007"/>
  <system-out/>
</testsuite> <!-- pom.UnifiedTara_realnumber_Tests.Onboarding_Test -->
