<?xml version="1.0" encoding="UTF-8"?>
<!-- Generated by org.testng.reporters.JUnitReportReporter -->
<testsuite hostname="GVG-103" failures="0" tests="4" name="pom.UnifiedTara_realnumber_Tests.AddProduct_Test" time="191.968" errors="0" timestamp="2022-10-07T11:00:58 IST" skipped="0">
  <testcase classname="pom.UnifiedTara_realnumber_Tests.AddProduct_Test" name="Test3_Deleteproduct" time="32.876"/>
  <system-out/>
  <testcase classname="pom.UnifiedTara_realnumber_Tests.AddProduct_Test" name="Test1_addproduct" time="93.009"/>
  <system-out/>
  <testcase classname="pom.UnifiedTara_realnumber_Tests.AddProduct_Test" name="Test4_AddProductWithoutName" time="45.814"/>
  <system-out/>
  <testcase classname="pom.UnifiedTara_realnumber_Tests.AddProduct_Test" name="Test2_EditProduct" time="20.269"/>
  <system-out/>
</testsuite> <!-- pom.UnifiedTara_realnumber_Tests.AddProduct_Test -->
