<?xml version="1.0" encoding="UTF-8"?>
<!-- Generated by org.testng.reporters.JUnitReportReporter -->
<testsuite hostname="GVG139" failures="0" tests="1" name="pom.UnifiedTara_realnumber_Tests.practice" time="69.494" errors="1" timestamp="2022-10-02T19:59:28 IST" skipped="0">
  <testcase classname="pom.UnifiedTara_realnumber_Tests.practice" name="Login_readOTP" time="69.494">
    <error message="An element could not be located on the page using the given search parameters. (WARNING: The server did not provide any stacktrace information)
Command duration or timeout: 10.07 seconds
For documentation on this error, please visit: http://seleniumhq.org/exceptions/no_such_element.html
Build info: version: &#039;2.53.0&#039;, revision: &#039;35ae25b1534ae328c771e0856c93e187490ca824&#039;, time: &#039;2016-03-15 10:43:46&#039;
System info: host: &#039;GVG139&#039;, ip: &#039;192.168.1.100&#039;, os.name: &#039;Windows 10&#039;, os.arch: &#039;amd64&#039;, os.version: &#039;10.0&#039;, java.version: &#039;18.0.1.1&#039;
Driver info: io.appium.java_client.android.AndroidDriver
Capabilities [{appPackage=app.tara.tara_app, statBarHeight=93, noReset=true, viewportRect={top=93, left=0, width=1080, height=2084}, deviceName=9ecba005, platform=LINUX, deviceUDID=9ecba005, desired={appActivity=app.tara.tara_app.MainActivity, appPackage=app.tara.tara_app, app=D:\UnifiedTara\apk\app-release_v3.0.3+29.apk, noReset=true, newCommandTimeout=180, platformVersion=11, browserName=, autoGrantPermissions=true, udid=9ecba005, platformName=Android, deviceName=Redmi sasi}, newCommandTimeout=180, platformVersion=11, webStorageEnabled=false, takesScreenshot=true, browserName=, javascriptEnabled=true, udid=9ecba005, platformName=Android, deviceApiLevel=30, deviceManufacturer=Xiaomi, app=D:\UnifiedTara\apk\app-release_v3.0.3+29.apk, deviceScreenSize=1080x2400, networkConnectionEnabled=true, warnings={}, databaseEnabled=false, appActivity=app.tara.tara_app.MainActivity, pixelRatio=2.75, locationContextEnabled=false, autoGrantPermissions=true, deviceScreenDensity=440, deviceModel=M2101K6P}]
Session ID: 3bc3d086-a0e8-4091-bede-b1b978e85fbf
*** Element info: {Using=xpath, value=/hierarchy/android.widget.Toast}" type="org.openqa.selenium.NoSuchElementException">
      <![CDATA[org.openqa.selenium.NoSuchElementException: An element could not be located on the page using the given search parameters. (WARNING: The server did not provide any stacktrace information)
Command duration or timeout: 10.07 seconds
For documentation on this error, please visit: http://seleniumhq.org/exceptions/no_such_element.html
Build info: version: '2.53.0', revision: '35ae25b1534ae328c771e0856c93e187490ca824', time: '2016-03-15 10:43:46'
System info: host: 'GVG139', ip: '192.168.1.100', os.name: 'Windows 10', os.arch: 'amd64', os.version: '10.0', java.version: '18.0.1.1'
Driver info: io.appium.java_client.android.AndroidDriver
Capabilities [{appPackage=app.tara.tara_app, statBarHeight=93, noReset=true, viewportRect={top=93, left=0, width=1080, height=2084}, deviceName=9ecba005, platform=LINUX, deviceUDID=9ecba005, desired={appActivity=app.tara.tara_app.MainActivity, appPackage=app.tara.tara_app, app=D:\UnifiedTara\apk\app-release_v3.0.3+29.apk, noReset=true, newCommandTimeout=180, platformVersion=11, browserName=, autoGrantPermissions=true, udid=9ecba005, platformName=Android, deviceName=Redmi sasi}, newCommandTimeout=180, platformVersion=11, webStorageEnabled=false, takesScreenshot=true, browserName=, javascriptEnabled=true, udid=9ecba005, platformName=Android, deviceApiLevel=30, deviceManufacturer=Xiaomi, app=D:\UnifiedTara\apk\app-release_v3.0.3+29.apk, deviceScreenSize=1080x2400, networkConnectionEnabled=true, warnings={}, databaseEnabled=false, appActivity=app.tara.tara_app.MainActivity, pixelRatio=2.75, locationContextEnabled=false, autoGrantPermissions=true, deviceScreenDensity=440, deviceModel=M2101K6P}]
Session ID: 3bc3d086-a0e8-4091-bede-b1b978e85fbf
*** Element info: {Using=xpath, value=/hierarchy/android.widget.Toast}
at java.base/jdk.internal.reflect.DirectConstructorHandleAccessor.newInstance(DirectConstructorHandleAccessor.java:67)
at java.base/java.lang.reflect.Constructor.newInstanceWithCaller(Constructor.java:499)
at java.base/java.lang.reflect.Constructor.newInstance(Constructor.java:483)
at org.openqa.selenium.remote.ErrorHandler.createThrowable(ErrorHandler.java:206)
at org.openqa.selenium.remote.ErrorHandler.throwIfResponseFailed(ErrorHandler.java:158)
at org.openqa.selenium.remote.RemoteWebDriver.execute(RemoteWebDriver.java:678)
at io.appium.java_client.DefaultGenericMobileDriver.execute(DefaultGenericMobileDriver.java:42)
at io.appium.java_client.AppiumDriver.execute(AppiumDriver.java:1)
at io.appium.java_client.android.AndroidDriver.execute(AndroidDriver.java:1)
at org.openqa.selenium.remote.RemoteWebDriver.findElement(RemoteWebDriver.java:363)
at org.openqa.selenium.remote.RemoteWebDriver.findElementByXPath(RemoteWebDriver.java:500)
at io.appium.java_client.DefaultGenericMobileDriver.findElementByXPath(DefaultGenericMobileDriver.java:132)
at io.appium.java_client.AppiumDriver.findElementByXPath(AppiumDriver.java:1)
at io.appium.java_client.android.AndroidDriver.findElementByXPath(AndroidDriver.java:1)
at pom.UnifiedTara.pages.base.BasePage.captureToastmessage(BasePage.java:70)
at pom.UnifiedTara.pages.AddProduct_Page.PracticeuploadCSVFile(AddProduct_Page.java:629)
at pom.UnifiedTara_realnumber_Tests.practice.Login_readOTP(practice.java:31)
at java.base/jdk.internal.reflect.DirectMethodHandleAccessor.invoke(DirectMethodHandleAccessor.java:104)
at java.base/java.lang.reflect.Method.invoke(Method.java:577)
at org.testng.internal.MethodInvocationHelper.invokeMethod(MethodInvocationHelper.java:133)
at org.testng.internal.TestInvoker.invokeMethod(TestInvoker.java:598)
at org.testng.internal.TestInvoker.invokeTestMethod(TestInvoker.java:173)
at org.testng.internal.MethodRunner.runInSequence(MethodRunner.java:46)
at org.testng.internal.TestInvoker$MethodInvocationAgent.invoke(TestInvoker.java:824)
at org.testng.internal.TestInvoker.invokeTestMethods(TestInvoker.java:146)
at org.testng.internal.TestMethodWorker.invokeTestMethods(TestMethodWorker.java:146)
at org.testng.internal.TestMethodWorker.run(TestMethodWorker.java:128)
at java.base/java.util.ArrayList.forEach(ArrayList.java:1511)
at org.testng.TestRunner.privateRun(TestRunner.java:794)
at org.testng.TestRunner.run(TestRunner.java:596)
at org.testng.SuiteRunner.runTest(SuiteRunner.java:377)
at org.testng.SuiteRunner.runSequentially(SuiteRunner.java:371)
at org.testng.SuiteRunner.privateRun(SuiteRunner.java:332)
at org.testng.SuiteRunner.run(SuiteRunner.java:276)
at org.testng.SuiteRunnerWorker.runSuite(SuiteRunnerWorker.java:53)
at org.testng.SuiteRunnerWorker.run(SuiteRunnerWorker.java:96)
at org.testng.TestNG.runSuitesSequentially(TestNG.java:1212)
at org.testng.TestNG.runSuitesLocally(TestNG.java:1134)
at org.testng.TestNG.runSuites(TestNG.java:1063)
at org.testng.TestNG.run(TestNG.java:1031)
at org.testng.remote.AbstractRemoteTestNG.run(AbstractRemoteTestNG.java:115)
at org.testng.remote.RemoteTestNG.initAndRun(RemoteTestNG.java:251)
at org.testng.remote.RemoteTestNG.main(RemoteTestNG.java:77)
]]>
    </error>
  </testcase> <!-- Login_readOTP -->
  <system-out/>
</testsuite> <!-- pom.UnifiedTara_realnumber_Tests.practice -->
